Determining if the pthread_create exist failed with the following output:
Change Dir: /home/reaperj/CustomArm/build/my_control/CMakeFiles/CMakeTmp

Run Build Command:"/usr/bin/make" "cmTC_4cdde/fast"
/usr/bin/make -f CMakeFiles/cmTC_4cdde.dir/build.make CMakeFiles/cmTC_4cdde.dir/build
make[1]: Entering directory '/home/reaperj/CustomArm/build/my_control/CMakeFiles/CMakeTmp'
Building C object CMakeFiles/cmTC_4cdde.dir/CheckSymbolExists.c.o
/usr/bin/cc    -o CMakeFiles/cmTC_4cdde.dir/CheckSymbolExists.c.o   -c /home/reaperj/CustomArm/build/my_control/CMakeFiles/CMakeTmp/CheckSymbolExists.c
Linking C executable cmTC_4cdde
/usr/bin/cmake -E cmake_link_script CMakeFiles/cmTC_4cdde.dir/link.txt --verbose=1
/usr/bin/cc      -rdynamic CMakeFiles/cmTC_4cdde.dir/CheckSymbolExists.c.o  -o cmTC_4cdde 
CMakeFiles/cmTC_4cdde.dir/CheckSymbolExists.c.o: In function `main':
CheckSymbolExists.c:(.text+0x1b): undefined reference to `pthread_create'
collect2: error: ld returned 1 exit status
CMakeFiles/cmTC_4cdde.dir/build.make:97: recipe for target 'cmTC_4cdde' failed
make[1]: *** [cmTC_4cdde] Error 1
make[1]: Leaving directory '/home/reaperj/CustomArm/build/my_control/CMakeFiles/CMakeTmp'
Makefile:126: recipe for target 'cmTC_4cdde/fast' failed
make: *** [cmTC_4cdde/fast] Error 2

File /home/reaperj/CustomArm/build/my_control/CMakeFiles/CMakeTmp/CheckSymbolExists.c:
/* */
#include <pthread.h>

int main(int argc, char** argv)
{
  (void)argv;
#ifndef pthread_create
  return ((int*)(&pthread_create))[argc];
#else
  (void)argc;
  return 0;
#endif
}

Determining if the function pthread_create exists in the pthreads failed with the following output:
Change Dir: /home/reaperj/CustomArm/build/my_control/CMakeFiles/CMakeTmp

Run Build Command:"/usr/bin/make" "cmTC_48287/fast"
/usr/bin/make -f CMakeFiles/cmTC_48287.dir/build.make CMakeFiles/cmTC_48287.dir/build
make[1]: Entering directory '/home/reaperj/CustomArm/build/my_control/CMakeFiles/CMakeTmp'
Building C object CMakeFiles/cmTC_48287.dir/CheckFunctionExists.c.o
/usr/bin/cc   -DCHECK_FUNCTION_EXISTS=pthread_create   -o CMakeFiles/cmTC_48287.dir/CheckFunctionExists.c.o   -c /usr/share/cmake-3.10/Modules/CheckFunctionExists.c
Linking C executable cmTC_48287
/usr/bin/cmake -E cmake_link_script CMakeFiles/cmTC_48287.dir/link.txt --verbose=1
/usr/bin/cc  -DCHECK_FUNCTION_EXISTS=pthread_create    -rdynamic CMakeFiles/cmTC_48287.dir/CheckFunctionExists.c.o  -o cmTC_48287 -lpthreads 
/usr/bin/ld: cannot find -lpthreads
collect2: error: ld returned 1 exit status
CMakeFiles/cmTC_48287.dir/build.make:97: recipe for target 'cmTC_48287' failed
make[1]: *** [cmTC_48287] Error 1
make[1]: Leaving directory '/home/reaperj/CustomArm/build/my_control/CMakeFiles/CMakeTmp'
Makefile:126: recipe for target 'cmTC_48287/fast' failed
make: *** [cmTC_48287/fast] Error 2


