Determining if the pthread_create exist failed with the following output:
Change Dir: /home/reaperj/CustomArm/build/tu_nguyen/CMakeFiles/CMakeTmp

Run Build Command:"/usr/bin/make" "cmTC_275d3/fast"
/usr/bin/make -f CMakeFiles/cmTC_275d3.dir/build.make CMakeFiles/cmTC_275d3.dir/build
make[1]: Entering directory '/home/reaperj/CustomArm/build/tu_nguyen/CMakeFiles/CMakeTmp'
Building C object CMakeFiles/cmTC_275d3.dir/CheckSymbolExists.c.o
/usr/bin/cc    -o CMakeFiles/cmTC_275d3.dir/CheckSymbolExists.c.o   -c /home/reaperj/CustomArm/build/tu_nguyen/CMakeFiles/CMakeTmp/CheckSymbolExists.c
Linking C executable cmTC_275d3
/usr/bin/cmake -E cmake_link_script CMakeFiles/cmTC_275d3.dir/link.txt --verbose=1
/usr/bin/cc      -rdynamic CMakeFiles/cmTC_275d3.dir/CheckSymbolExists.c.o  -o cmTC_275d3 
CMakeFiles/cmTC_275d3.dir/CheckSymbolExists.c.o: In function `main':
CheckSymbolExists.c:(.text+0x1b): undefined reference to `pthread_create'
collect2: error: ld returned 1 exit status
CMakeFiles/cmTC_275d3.dir/build.make:97: recipe for target 'cmTC_275d3' failed
make[1]: *** [cmTC_275d3] Error 1
make[1]: Leaving directory '/home/reaperj/CustomArm/build/tu_nguyen/CMakeFiles/CMakeTmp'
Makefile:126: recipe for target 'cmTC_275d3/fast' failed
make: *** [cmTC_275d3/fast] Error 2

File /home/reaperj/CustomArm/build/tu_nguyen/CMakeFiles/CMakeTmp/CheckSymbolExists.c:
/* */
#include <pthread.h>

int main(int argc, char** argv)
{
  (void)argv;
#ifndef pthread_create
  return ((int*)(&pthread_create))[argc];
#else
  (void)argc;
  return 0;
#endif
}

Determining if the function pthread_create exists in the pthreads failed with the following output:
Change Dir: /home/reaperj/CustomArm/build/tu_nguyen/CMakeFiles/CMakeTmp

Run Build Command:"/usr/bin/make" "cmTC_23bbb/fast"
/usr/bin/make -f CMakeFiles/cmTC_23bbb.dir/build.make CMakeFiles/cmTC_23bbb.dir/build
make[1]: Entering directory '/home/reaperj/CustomArm/build/tu_nguyen/CMakeFiles/CMakeTmp'
Building C object CMakeFiles/cmTC_23bbb.dir/CheckFunctionExists.c.o
/usr/bin/cc   -DCHECK_FUNCTION_EXISTS=pthread_create   -o CMakeFiles/cmTC_23bbb.dir/CheckFunctionExists.c.o   -c /usr/share/cmake-3.10/Modules/CheckFunctionExists.c
Linking C executable cmTC_23bbb
/usr/bin/cmake -E cmake_link_script CMakeFiles/cmTC_23bbb.dir/link.txt --verbose=1
/usr/bin/cc  -DCHECK_FUNCTION_EXISTS=pthread_create    -rdynamic CMakeFiles/cmTC_23bbb.dir/CheckFunctionExists.c.o  -o cmTC_23bbb -lpthreads 
/usr/bin/ld: cannot find -lpthreads
collect2: error: ld returned 1 exit status
CMakeFiles/cmTC_23bbb.dir/build.make:97: recipe for target 'cmTC_23bbb' failed
make[1]: *** [cmTC_23bbb] Error 1
make[1]: Leaving directory '/home/reaperj/CustomArm/build/tu_nguyen/CMakeFiles/CMakeTmp'
Makefile:126: recipe for target 'cmTC_23bbb/fast' failed
make: *** [cmTC_23bbb/fast] Error 2


